TN:
SF:C:\Workspace\other\material-data-table-ngrx\ui-data-table\src\polyfills.ts
FNF:0
FNH:0
LF:0
LH:0
BRF:0
BRH:0
end_of_record
TN:
SF:C:\Workspace\other\material-data-table-ngrx\ui-data-table\src\test.ts
FNF:0
FNH:0
DA:18,1
DA:23,1
DA:25,1
LF:3
LH:3
BRF:0
BRH:0
end_of_record
TN:
SF:C:\Workspace\other\material-data-table-ngrx\ui-data-table\src\app\app.component.ts
FNF:0
FNH:0
DA:8,1
LF:1
LH:1
BRF:0
BRH:0
end_of_record
TN:
SF:C:\Workspace\other\material-data-table-ngrx\ui-data-table\src\app\admin\store\user.actions.ts
FN:6,(anonymous_0)
FN:12,(anonymous_1)
FN:17,(anonymous_2)
FNF:3
FNH:3
FNDA:6,(anonymous_0)
FNDA:5,(anonymous_1)
FNDA:5,(anonymous_2)
DA:6,6
DA:10,1
DA:12,5
DA:15,1
DA:17,5
DA:20,1
LF:6
LH:6
BRF:0
BRH:0
end_of_record
TN:
SF:C:\Workspace\other\material-data-table-ngrx\ui-data-table\src\app\admin\store\user.effects.ts
FN:11,(anonymous_0)
FN:13,(anonymous_1)
FN:16,(anonymous_2)
FN:18,(anonymous_3)
FN:19,(anonymous_4)
FNF:5
FNH:5
FNDA:3,(anonymous_0)
FNDA:3,(anonymous_1)
FNDA:6,(anonymous_2)
FNDA:2,(anonymous_3)
FNDA:2,(anonymous_4)
DA:10,1
DA:11,3
DA:13,3
DA:14,3
DA:17,6
DA:18,2
DA:20,2
LF:7
LH:7
BRF:0
BRH:0
end_of_record
TN:
SF:C:\Workspace\other\material-data-table-ngrx\ui-data-table\src\app\admin\store\user.reducer.ts
FN:16,(anonymous_0)
FN:27,(anonymous_1)
FN:28,(anonymous_2)
FN:34,(anonymous_3)
FN:50,(anonymous_4)
FNF:5
FNH:5
FNDA:1,(anonymous_0)
FNDA:2,(anonymous_1)
FNDA:1,(anonymous_2)
FNDA:1,(anonymous_3)
FNDA:1,(anonymous_4)
DA:15,1
DA:16,1
DA:19,1
DA:25,1
DA:27,2
DA:28,1
DA:34,1
DA:39,1
DA:41,1
DA:43,1
DA:48,1
DA:50,1
LF:12
LH:12
BRF:0
BRH:0
end_of_record
TN:
SF:C:\Workspace\other\material-data-table-ngrx\ui-data-table\src\app\admin\user-table\user-table.component.ts
FN:41,(anonymous_0)
FN:43,(anonymous_1)
FN:47,(anonymous_2)
FN:53,(anonymous_3)
FN:61,(anonymous_4)
FN:68,(anonymous_5)
FN:76,(anonymous_6)
FN:87,(anonymous_7)
FNF:8
FNH:2
FNDA:1,(anonymous_0)
FNDA:0,(anonymous_1)
FNDA:0,(anonymous_2)
FNDA:0,(anonymous_3)
FNDA:0,(anonymous_4)
FNDA:0,(anonymous_5)
FNDA:0,(anonymous_6)
FNDA:1,(anonymous_7)
DA:18,1
DA:19,1
DA:20,1
DA:21,1
DA:22,1
DA:29,1
DA:37,1
DA:38,1
DA:39,1
DA:41,1
DA:44,0
DA:49,0
DA:54,0
DA:55,0
DA:61,0
DA:62,0
DA:66,0
DA:69,0
DA:77,0
DA:84,0
DA:88,1
DA:89,0
DA:92,1
DA:93,0
LF:24
LH:12
BRDA:88,0,0,0
BRDA:88,0,1,1
BRDA:92,1,0,0
BRDA:92,1,1,1
BRF:4
BRH:2
end_of_record
TN:
SF:C:\Workspace\other\material-data-table-ngrx\ui-data-table\src\app\shared\components\header\header.component.ts
FN:12,(anonymous_0)
FN:14,(anonymous_1)
FNF:2
FNH:2
FNDA:3,(anonymous_0)
FNDA:3,(anonymous_1)
DA:8,1
DA:10,1
LF:2
LH:2
BRF:0
BRH:0
end_of_record
TN:
SF:C:\Workspace\other\material-data-table-ngrx\ui-data-table\src\app\shared\models\data-table-query.model.ts
FN:8,(anonymous_0)
FNF:1
FNH:1
FNDA:8,(anonymous_0)
DA:9,8
DA:10,8
DA:11,8
DA:12,8
DA:13,8
LF:5
LH:5
BRDA:8,0,0,2
BRDA:8,1,0,2
BRDA:8,2,0,2
BRDA:8,3,0,2
BRDA:8,4,0,2
BRF:5
BRH:5
end_of_record
TN:
SF:C:\Workspace\other\material-data-table-ngrx\ui-data-table\src\app\shared\services\user.service.ts
FN:12,(anonymous_0)
FN:16,(anonymous_1)
FNF:2
FNH:2
FNDA:4,(anonymous_0)
FNDA:2,(anonymous_1)
DA:10,1
DA:12,4
DA:17,2
DA:18,2
LF:4
LH:4
BRF:0
BRH:0
end_of_record
TN:
SF:C:\Workspace\other\material-data-table-ngrx\ui-data-table\src\app\shared\utils\tests\test-reducer.ts
FN:7,createEntityState
FN:10,(anonymous_1)
FNF:2
FNH:1
FNDA:1,createEntityState
FNDA:0,(anonymous_1)
DA:8,1
DA:10,0
LF:2
LH:1
BRDA:9,0,0,1
BRDA:9,0,1,0
BRDA:9,1,0,1
BRDA:9,1,1,0
BRDA:10,2,0,1
BRDA:10,2,1,0
BRF:6
BRH:3
end_of_record
TN:
SF:C:\Workspace\other\material-data-table-ngrx\ui-data-table\src\app\shared\utils\tests\test-utils.ts
FN:37,(anonymous_0)
FN:55,(anonymous_1)
FN:72,(anonymous_2)
FN:83,(anonymous_3)
FN:94,(anonymous_4)
FN:103,(anonymous_5)
FN:127,(anonymous_6)
FN:141,(anonymous_7)
FN:147,(anonymous_8)
FN:158,(anonymous_9)
FN:184,(anonymous_10)
FN:190,(anonymous_11)
FN:199,(anonymous_12)
FN:204,(anonymous_13)
FN:211,(anonymous_14)
FN:212,(anonymous_15)
FN:215,(anonymous_16)
FN:216,(anonymous_17)
FNF:18
FNH:6
FNDA:5,(anonymous_0)
FNDA:1,(anonymous_1)
FNDA:1,(anonymous_2)
FNDA:0,(anonymous_3)
FNDA:0,(anonymous_4)
FNDA:1,(anonymous_5)
FNDA:1,(anonymous_6)
FNDA:0,(anonymous_7)
FNDA:0,(anonymous_8)
FNDA:3,(anonymous_9)
FNDA:0,(anonymous_10)
FNDA:0,(anonymous_11)
FNDA:0,(anonymous_12)
FNDA:0,(anonymous_13)
FNDA:0,(anonymous_14)
FNDA:0,(anonymous_15)
FNDA:0,(anonymous_16)
FNDA:0,(anonymous_17)
DA:38,5
DA:56,1
DA:73,1
DA:84,0
DA:95,0
DA:106,1
DA:130,1
DA:132,1
DA:142,0
DA:148,0
DA:159,3
DA:185,0
DA:190,0
DA:191,0
DA:194,0
DA:200,0
DA:205,0
DA:212,0
DA:216,0
LF:19
LH:7
BRDA:37,0,0,0
BRDA:39,1,0,5
BRDA:39,1,1,0
BRDA:45,2,0,5
BRDA:45,2,1,0
BRDA:48,3,0,5
BRDA:48,3,1,0
BRDA:55,4,0,0
BRDA:57,5,0,1
BRDA:57,5,1,1
BRDA:61,6,0,1
BRDA:61,6,1,0
BRDA:65,7,0,1
BRDA:65,7,1,0
BRDA:66,8,0,1
BRDA:66,8,1,1
BRDA:72,9,0,0
BRDA:74,10,0,1
BRDA:74,10,1,0
BRDA:75,11,0,1
BRDA:75,11,1,0
BRDA:76,12,0,1
BRDA:76,12,1,0
BRDA:77,13,0,1
BRDA:77,13,1,0
BRDA:83,14,0,0
BRDA:85,15,0,0
BRDA:85,15,1,0
BRDA:86,16,0,0
BRDA:86,16,1,0
BRDA:87,17,0,0
BRDA:87,17,1,0
BRDA:88,18,0,0
BRDA:88,18,1,0
BRDA:94,19,0,0
BRDA:96,20,0,0
BRDA:96,20,1,0
BRDA:97,21,0,0
BRDA:97,21,1,0
BRDA:98,22,0,0
BRDA:98,22,1,0
BRDA:99,23,0,0
BRDA:99,23,1,0
BRDA:104,24,0,0
BRDA:107,25,0,1
BRDA:107,25,1,0
BRDA:121,26,0,1
BRDA:121,26,1,0
BRDA:122,27,0,1
BRDA:122,27,1,1
BRDA:123,28,0,1
BRDA:123,28,1,1
BRDA:141,29,0,0
BRDA:147,30,0,0
BRDA:149,31,0,0
BRDA:149,31,1,0
BRDA:150,32,0,0
BRDA:150,32,1,0
BRDA:151,33,0,0
BRDA:151,33,1,0
BRDA:152,34,0,0
BRDA:152,34,1,0
BRDA:158,35,0,0
BRDA:160,36,0,3
BRDA:160,36,1,3
BRDA:176,37,0,3
BRDA:176,37,1,0
BRDA:177,38,0,3
BRDA:177,38,1,0
BRDA:178,39,0,3
BRDA:178,39,1,3
BRF:71
BRH:25
end_of_record
TN:
SF:C:\Workspace\other\material-data-table-ngrx\ui-data-table\src\app\shared\utils\tests\test.common.ts
FN:6,(anonymous_0)
FN:6,(anonymous_1)
FN:7,(anonymous_2)
FN:9,(anonymous_3)
FN:10,(anonymous_4)
FN:10,(anonymous_5)
FN:11,(anonymous_6)
FN:11,(anonymous_7)
FN:18,(anonymous_8)
FNF:9
FNH:8
FNDA:2,(anonymous_0)
FNDA:0,(anonymous_1)
FNDA:2,(anonymous_2)
FNDA:2,(anonymous_3)
FNDA:2,(anonymous_4)
FNDA:2,(anonymous_5)
FNDA:2,(anonymous_6)
FNDA:2,(anonymous_7)
FNDA:3,(anonymous_8)
DA:5,1
DA:6,2
DA:7,2
DA:9,1
DA:10,2
DA:11,2
DA:12,2
DA:13,2
DA:14,2
DA:15,2
DA:18,3
DA:24,2
LF:12
LH:12
BRF:0
BRH:0
end_of_record
TN:
SF:C:\Workspace\other\material-data-table-ngrx\ui-data-table\src\environments\environment.ts
FNF:0
FNH:0
DA:5,1
LF:1
LH:1
BRF:0
BRH:0
end_of_record
